c:\users\tetcos-pc\desktop\sink hole in rpl\64bit\code\rpl\x64\debug\vc140.pdb
c:\users\tetcos-pc\desktop\sink hole in rpl\64bit\code\rpl\x64\debug\vc140.idb
c:\users\tetcos-pc\desktop\sink hole in rpl\64bit\code\rpl\x64\debug\dao.obj
c:\users\tetcos-pc\desktop\sink hole in rpl\64bit\code\rpl\x64\debug\dio.obj
c:\users\tetcos-pc\desktop\sink hole in rpl\64bit\code\rpl\x64\debug\dis.obj
c:\users\tetcos-pc\desktop\sink hole in rpl\64bit\code\rpl\x64\debug\dodag.obj
c:\users\tetcos-pc\desktop\sink hole in rpl\64bit\code\rpl\x64\debug\malicious.obj
c:\users\tetcos-pc\desktop\sink hole in rpl\64bit\code\rpl\x64\debug\neighbor.obj
c:\users\tetcos-pc\desktop\sink hole in rpl\64bit\code\rpl\x64\debug\rpl.obj
c:\users\tetcos-pc\desktop\sink hole in rpl\64bit\code\rpl\x64\debug\rpl_enum.obj
c:\users\tetcos-pc\desktop\sink hole in rpl\64bit\code\rpl\x64\debug\rpl_message.obj
c:\users\tetcos-pc\desktop\sink hole in rpl\64bit\code\rpl\x64\debug\sequencenumber.obj
c:\users\tetcos-pc\desktop\sink hole in rpl\64bit\code\rpl\x64\debug\trickle.obj
c:\users\tetcos-pc\desktop\sink hole in rpl\64bit\code\dll\librpl.dll
c:\users\tetcos-pc\desktop\sink hole in rpl\64bit\code\dll\rpl.pdb
c:\users\tetcos-pc\desktop\sink hole in rpl\64bit\code\dll\rpl.lib
c:\users\tetcos-pc\desktop\sink hole in rpl\64bit\code\dll\rpl.exp
d:\final_projects_v10.2\sink hole in rpl\64bit\code\rpl\x64\debug\dao.obj
d:\final_projects_v10.2\sink hole in rpl\64bit\code\rpl\x64\debug\dio.obj
d:\final_projects_v10.2\sink hole in rpl\64bit\code\rpl\x64\debug\dis.obj
d:\final_projects_v10.2\sink hole in rpl\64bit\code\rpl\x64\debug\dodag.obj
d:\final_projects_v10.2\sink hole in rpl\64bit\code\rpl\x64\debug\malicious.obj
d:\final_projects_v10.2\sink hole in rpl\64bit\code\rpl\x64\debug\neighbor.obj
d:\final_projects_v10.2\sink hole in rpl\64bit\code\rpl\x64\debug\rpl.obj
d:\final_projects_v10.2\sink hole in rpl\64bit\code\rpl\x64\debug\rpl_enum.obj
d:\final_projects_v10.2\sink hole in rpl\64bit\code\rpl\x64\debug\rpl_message.obj
d:\final_projects_v10.2\sink hole in rpl\64bit\code\rpl\x64\debug\sequencenumber.obj
d:\final_projects_v10.2\sink hole in rpl\64bit\code\rpl\x64\debug\trickle.obj
d:\final_projects_v10.2\sink hole in rpl\64bit\code\rpl\x64\debug\vc140.idb
d:\final_projects_v10.2\sink hole in rpl\64bit\code\rpl\x64\debug\vc140.pdb
d:\final_projects_v10.2\sink hole in rpl\64bit\code\rpl\x64\debug\rpl.tlog\cl.command.1.tlog
d:\final_projects_v10.2\sink hole in rpl\64bit\code\rpl\x64\debug\rpl.tlog\cl.read.1.tlog
d:\final_projects_v10.2\sink hole in rpl\64bit\code\rpl\x64\debug\rpl.tlog\cl.write.1.tlog
d:\final_projects_v10.2\sink hole in rpl\64bit\code\rpl\x64\debug\rpl.tlog\link.command.1.tlog
d:\final_projects_v10.2\sink hole in rpl\64bit\code\rpl\x64\debug\rpl.tlog\link.read.1.tlog
d:\final_projects_v10.2\sink hole in rpl\64bit\code\rpl\x64\debug\rpl.tlog\link.write.1.tlog
d:\final_projects_v10.2\sink hole in rpl\64bit\code\rpl\x64\debug\rpl.tlog\rpl.write.1u.tlog
