d:\final_projects_v10.2\sink hole in rpl\32bit\code\rpl\debug\vc140.pdb
d:\final_projects_v10.2\sink hole in rpl\32bit\code\rpl\debug\vc140.idb
d:\final_projects_v10.2\sink hole in rpl\32bit\code\rpl\debug\dao.obj
d:\final_projects_v10.2\sink hole in rpl\32bit\code\rpl\debug\dio.obj
d:\final_projects_v10.2\sink hole in rpl\32bit\code\rpl\debug\dis.obj
d:\final_projects_v10.2\sink hole in rpl\32bit\code\rpl\debug\dodag.obj
d:\final_projects_v10.2\sink hole in rpl\32bit\code\rpl\debug\malicious.obj
d:\final_projects_v10.2\sink hole in rpl\32bit\code\rpl\debug\neighbor.obj
d:\final_projects_v10.2\sink hole in rpl\32bit\code\rpl\debug\rpl.obj
d:\final_projects_v10.2\sink hole in rpl\32bit\code\rpl\debug\rpl_enum.obj
d:\final_projects_v10.2\sink hole in rpl\32bit\code\rpl\debug\rpl_message.obj
d:\final_projects_v10.2\sink hole in rpl\32bit\code\rpl\debug\sequencenumber.obj
d:\final_projects_v10.2\sink hole in rpl\32bit\code\rpl\debug\trickle.obj
d:\final_projects_v10.2\sink hole in rpl\32bit\code\dll\librpl.dll
d:\final_projects_v10.2\sink hole in rpl\32bit\code\dll\rpl.pdb
d:\final_projects_v10.2\sink hole in rpl\32bit\code\dll\rpl.lib
d:\final_projects_v10.2\sink hole in rpl\32bit\code\dll\rpl.exp
e:\final_projects_v10.2\sink hole in rpl\32bit\code\rpl\debug\dao.obj
e:\final_projects_v10.2\sink hole in rpl\32bit\code\rpl\debug\dio.obj
e:\final_projects_v10.2\sink hole in rpl\32bit\code\rpl\debug\dis.obj
e:\final_projects_v10.2\sink hole in rpl\32bit\code\rpl\debug\dodag.obj
e:\final_projects_v10.2\sink hole in rpl\32bit\code\rpl\debug\malicious.obj
e:\final_projects_v10.2\sink hole in rpl\32bit\code\rpl\debug\neighbor.obj
e:\final_projects_v10.2\sink hole in rpl\32bit\code\rpl\debug\rpl.obj
e:\final_projects_v10.2\sink hole in rpl\32bit\code\rpl\debug\rpl_enum.obj
e:\final_projects_v10.2\sink hole in rpl\32bit\code\rpl\debug\rpl_message.obj
e:\final_projects_v10.2\sink hole in rpl\32bit\code\rpl\debug\sequencenumber.obj
e:\final_projects_v10.2\sink hole in rpl\32bit\code\rpl\debug\trickle.obj
e:\final_projects_v10.2\sink hole in rpl\32bit\code\rpl\debug\vc140.idb
e:\final_projects_v10.2\sink hole in rpl\32bit\code\rpl\debug\vc140.pdb
e:\final_projects_v10.2\sink hole in rpl\32bit\code\rpl\debug\rpl.tlog\cl.command.1.tlog
e:\final_projects_v10.2\sink hole in rpl\32bit\code\rpl\debug\rpl.tlog\cl.read.1.tlog
e:\final_projects_v10.2\sink hole in rpl\32bit\code\rpl\debug\rpl.tlog\cl.write.1.tlog
e:\final_projects_v10.2\sink hole in rpl\32bit\code\rpl\debug\rpl.tlog\link.command.1.tlog
e:\final_projects_v10.2\sink hole in rpl\32bit\code\rpl\debug\rpl.tlog\link.read.1.tlog
e:\final_projects_v10.2\sink hole in rpl\32bit\code\rpl\debug\rpl.tlog\link.write.1.tlog
e:\final_projects_v10.2\sink hole in rpl\32bit\code\rpl\debug\rpl.tlog\rpl.write.1u.tlog
